2026-02-12 22:01:53 | INFO     | netscope.storage.logger:setup_logging:52 | Logging initialized
2026-02-12 22:01:53 | DEBUG    | netscope.storage.logger:setup_logging:53 | Log files: output/netscope.log, output/netscope_errors.log
2026-02-12 22:02:15 | INFO     | netscope.cli.main:_run_interactive:138 | Created test run directory: output/2026-02-12_220215_traceroute_test
2026-02-12 22:02:15 | DEBUG    | netscope.storage.csv_handler:_create_csv:43 | Created CSV file: output/2026-02-12_220215_traceroute_test/results.csv
2026-02-12 22:02:15 | INFO     | netscope.core.executor:run_command:55 | Executing command: traceroute -n -m 15 8.8.8.8
2026-02-12 22:02:46 | INFO     | netscope.core.executor:run_command:76 | Command completed: traceroute -n -m 15 8.8.8.8 (return code: 0, duration: 30.90s)
2026-02-12 22:02:46 | DEBUG    | netscope.storage.csv_handler:write_result:81 | Wrote result to CSV: hop_count=8
2026-02-12 22:02:46 | DEBUG    | netscope.storage.csv_handler:write_result:81 | Wrote result to CSV: destination_reached=True
2026-02-12 22:05:13 | INFO     | netscope.cli.main:_run_interactive:194 | NetDiag exited normally
2026-02-12 22:05:16 | INFO     | netscope.storage.logger:setup_logging:52 | Logging initialized
2026-02-12 22:05:16 | DEBUG    | netscope.storage.logger:setup_logging:53 | Log files: output/netscope.log, output/netscope_errors.log
2026-02-12 22:05:26 | INFO     | netscope.cli.main:_run_interactive:141 | Created test run directory: output/2026-02-12_220526_ping_test
2026-02-12 22:05:26 | DEBUG    | netscope.storage.csv_handler:_create_csv:43 | Created CSV file: output/2026-02-12_220526_ping_test/results.csv
2026-02-12 22:05:26 | INFO     | netscope.core.executor:run_command:55 | Executing command: ping -c 4 1.1.1.1
2026-02-12 22:05:29 | INFO     | netscope.core.executor:run_command:76 | Command completed: ping -c 4 1.1.1.1 (return code: 0, duration: 3.21s)
2026-02-12 22:05:29 | DEBUG    | netscope.storage.csv_handler:write_result:81 | Wrote result to CSV: packet_loss=0
2026-02-12 22:05:29 | DEBUG    | netscope.storage.csv_handler:write_result:81 | Wrote result to CSV: avg_latency=129.389
2026-02-12 22:05:29 | DEBUG    | netscope.storage.csv_handler:write_result:81 | Wrote result to CSV: max_latency=183.471
2026-02-12 22:05:29 | DEBUG    | netscope.storage.csv_handler:write_result:81 | Wrote result to CSV: packets_received=4
2026-02-12 22:05:32 | INFO     | netscope.cli.main:_run_interactive:197 | NetDiag exited normally
2026-02-12 22:30:20 | INFO     | netscope.storage.logger:setup_logging:52 | Logging initialized
2026-02-12 22:30:20 | DEBUG    | netscope.storage.logger:setup_logging:53 | Log files: /Users/HP/Documents/zubabroadband/netdiag-cli/output/netscope.log, /Users/HP/Documents/zubabroadband/netdiag-cli/output/netscope_errors.log
2026-02-12 22:30:30 | INFO     | netscope.cli.main:_run_interactive:153 | Created test run directory: /Users/HP/Documents/zubabroadband/netdiag-cli/output/2026-02-12_223030_quick_network_check
2026-02-12 22:30:30 | DEBUG    | netscope.storage.csv_handler:_create_csv:43 | Created CSV file: /Users/HP/Documents/zubabroadband/netdiag-cli/output/2026-02-12_223030_quick_network_check/results.csv
2026-02-12 22:30:30 | INFO     | netscope.core.executor:run_command:55 | Executing command: ping -c 4 8.8.8.8
2026-02-12 22:30:34 | INFO     | netscope.core.executor:run_command:76 | Command completed: ping -c 4 8.8.8.8 (return code: 0, duration: 3.10s)
2026-02-12 22:30:34 | DEBUG    | netscope.storage.csv_handler:write_result:81 | Wrote result to CSV: packet_loss=0
2026-02-12 22:30:34 | DEBUG    | netscope.storage.csv_handler:write_result:81 | Wrote result to CSV: min_latency=74.83
2026-02-12 22:30:34 | DEBUG    | netscope.storage.csv_handler:write_result:81 | Wrote result to CSV: avg_latency=77.698
2026-02-12 22:30:34 | DEBUG    | netscope.storage.csv_handler:write_result:81 | Wrote result to CSV: max_latency=79.036
2026-02-12 22:30:34 | DEBUG    | netscope.storage.csv_handler:write_result:81 | Wrote result to CSV: mdev_latency=1.683
2026-02-12 22:30:34 | DEBUG    | netscope.storage.csv_handler:write_result:81 | Wrote result to CSV: packets_received=4
2026-02-12 22:30:34 | INFO     | netscope.core.executor:run_command:55 | Executing command: traceroute -n -m 15 8.8.8.8
2026-02-12 22:31:04 | INFO     | netscope.core.executor:run_command:76 | Command completed: traceroute -n -m 15 8.8.8.8 (return code: 0, duration: 30.59s)
2026-02-12 22:31:04 | DEBUG    | netscope.storage.csv_handler:write_result:81 | Wrote result to CSV: hop_count=6
2026-02-12 22:31:04 | DEBUG    | netscope.storage.csv_handler:write_result:81 | Wrote result to CSV: destination_reached=True
2026-02-12 22:31:04 | INFO     | netscope.core.executor:run_command:55 | Executing command: dig +short 8.8.8.8
2026-02-12 22:31:04 | INFO     | netscope.core.executor:run_command:76 | Command completed: dig +short 8.8.8.8 (return code: 0, duration: 0.11s)
2026-02-12 22:31:04 | DEBUG    | netscope.storage.csv_handler:write_result:81 | Wrote result to CSV: ip_count=0
2026-02-12 22:31:24 | INFO     | netscope.cli.main:_run_interactive:251 | NetScope exited normally
2026-02-12 22:35:40 | INFO     | netscope.storage.logger:setup_logging:52 | Logging initialized
2026-02-12 22:35:40 | DEBUG    | netscope.storage.logger:setup_logging:53 | Log files: /Users/HP/Documents/zubabroadband/netdiag-cli/output/netscope.log, /Users/HP/Documents/zubabroadband/netdiag-cli/output/netscope_errors.log
2026-02-12 22:36:00 | INFO     | netscope.cli.main:_run_interactive:153 | Created test run directory: /Users/HP/Documents/zubabroadband/netdiag-cli/output/2026-02-12_223600_quick_network_check
2026-02-12 22:36:00 | DEBUG    | netscope.storage.csv_handler:_create_csv:43 | Created CSV file: /Users/HP/Documents/zubabroadband/netdiag-cli/output/2026-02-12_223600_quick_network_check/results.csv
2026-02-12 22:36:00 | INFO     | netscope.core.executor:run_command:55 | Executing command: ping -c 4 google.com
2026-02-12 22:36:04 | INFO     | netscope.core.executor:run_command:76 | Command completed: ping -c 4 google.com (return code: 0, duration: 3.19s)
2026-02-12 22:36:04 | DEBUG    | netscope.storage.csv_handler:write_result:81 | Wrote result to CSV: packet_loss=0
2026-02-12 22:36:04 | DEBUG    | netscope.storage.csv_handler:write_result:81 | Wrote result to CSV: min_latency=71.226
2026-02-12 22:36:04 | DEBUG    | netscope.storage.csv_handler:write_result:81 | Wrote result to CSV: avg_latency=78.256
2026-02-12 22:36:04 | DEBUG    | netscope.storage.csv_handler:write_result:81 | Wrote result to CSV: max_latency=83.876
2026-02-12 22:36:04 | DEBUG    | netscope.storage.csv_handler:write_result:81 | Wrote result to CSV: mdev_latency=4.556
2026-02-12 22:36:04 | DEBUG    | netscope.storage.csv_handler:write_result:81 | Wrote result to CSV: packets_received=4
2026-02-12 22:36:04 | INFO     | netscope.core.executor:run_command:55 | Executing command: traceroute -n -m 15 google.com
2026-02-12 22:36:35 | INFO     | netscope.core.executor:run_command:76 | Command completed: traceroute -n -m 15 google.com (return code: 0, duration: 31.55s)
2026-02-12 22:36:35 | DEBUG    | netscope.storage.csv_handler:write_result:81 | Wrote result to CSV: hop_count=10
2026-02-12 22:36:35 | DEBUG    | netscope.storage.csv_handler:write_result:81 | Wrote result to CSV: destination_reached=True
2026-02-12 22:36:35 | INFO     | netscope.core.executor:run_command:55 | Executing command: dig +short google.com
2026-02-12 22:36:35 | INFO     | netscope.core.executor:run_command:76 | Command completed: dig +short google.com (return code: 0, duration: 0.09s)
2026-02-12 22:36:35 | DEBUG    | netscope.storage.csv_handler:write_result:81 | Wrote result to CSV: ip_address_1=142.251.47.14
2026-02-12 22:36:35 | DEBUG    | netscope.storage.csv_handler:write_result:81 | Wrote result to CSV: ip_count=1
2026-02-12 22:36:49 | INFO     | netscope.cli.main:_run_interactive:253 | NetScope exited normally
2026-02-12 23:13:00 | INFO     | netscope.storage.logger:setup_logging:52 | Logging initialized
2026-02-12 23:13:00 | DEBUG    | netscope.storage.logger:setup_logging:53 | Log files: /Users/HP/Documents/zubabroadband/netdiag-cli/output/netscope.log, /Users/HP/Documents/zubabroadband/netdiag-cli/output/netscope_errors.log
2026-02-12 23:13:17 | INFO     | netscope.cli.main:_run_interactive:140 | NetScope exited normally
2026-02-12 23:26:17 | INFO     | netscope.storage.logger:setup_logging:52 | Logging initialized
2026-02-12 23:26:17 | DEBUG    | netscope.storage.logger:setup_logging:53 | Log files: /Users/HP/Documents/zubabroadband/netdiag-cli/output/netscope.log, /Users/HP/Documents/zubabroadband/netdiag-cli/output/netscope_errors.log
2026-02-12 23:26:34 | INFO     | netscope.cli.main:_run_interactive:162 | Created test run directory: /Users/HP/Documents/zubabroadband/netdiag-cli/output/2026-02-12_232634_port_scan
2026-02-12 23:26:34 | DEBUG    | netscope.storage.csv_handler:_create_csv:43 | Created CSV file: /Users/HP/Documents/zubabroadband/netdiag-cli/output/2026-02-12_232634_port_scan/results.csv
2026-02-12 23:27:11 | DEBUG    | netscope.storage.csv_handler:write_result:81 | Wrote result to CSV: open_ports=53,80,443,8080
2026-02-12 23:27:11 | DEBUG    | netscope.storage.csv_handler:write_result:81 | Wrote result to CSV: closed_count=16
2026-02-12 23:27:11 | DEBUG    | netscope.storage.csv_handler:write_result:81 | Wrote result to CSV: total_ports=20
2026-02-12 23:27:11 | DEBUG    | netscope.storage.csv_handler:write_result:81 | Wrote result to CSV: open_count=4
2026-02-12 23:27:29 | INFO     | netscope.cli.main:_run_interactive:294 | NetScope exited normally
2026-02-13 09:04:32 | INFO     | netscope.storage.logger:setup_logging:52 | Logging initialized
2026-02-13 09:04:32 | DEBUG    | netscope.storage.logger:setup_logging:53 | Log files: /Users/HP/Documents/zubabroadband/netdiag-cli/output/netscope.log, /Users/HP/Documents/zubabroadband/netdiag-cli/output/netscope_errors.log
2026-02-13 09:04:43 | INFO     | netscope.cli.main:_run_interactive:162 | Created test run directory: /Users/HP/Documents/zubabroadband/netdiag-cli/output/2026-02-13_090443_quick_network_check
2026-02-13 09:04:43 | DEBUG    | netscope.storage.csv_handler:_create_csv:43 | Created CSV file: /Users/HP/Documents/zubabroadband/netdiag-cli/output/2026-02-13_090443_quick_network_check/results.csv
2026-02-13 09:04:43 | INFO     | netscope.core.executor:run_command:54 | Executing command: ping -c 4 google.com
2026-02-13 09:04:46 | INFO     | netscope.core.executor:run_command:75 | Command completed: ping -c 4 google.com (return code: 0, duration: 3.36s)
2026-02-13 09:04:46 | DEBUG    | netscope.storage.csv_handler:write_result:81 | Wrote result to CSV: packet_loss=0
2026-02-13 09:04:46 | DEBUG    | netscope.storage.csv_handler:write_result:81 | Wrote result to CSV: min_latency=25.921
2026-02-13 09:04:46 | DEBUG    | netscope.storage.csv_handler:write_result:81 | Wrote result to CSV: avg_latency=74.352
2026-02-13 09:04:46 | DEBUG    | netscope.storage.csv_handler:write_result:81 | Wrote result to CSV: max_latency=140.434
2026-02-13 09:04:46 | DEBUG    | netscope.storage.csv_handler:write_result:81 | Wrote result to CSV: mdev_latency=49.992
2026-02-13 09:04:46 | DEBUG    | netscope.storage.csv_handler:write_result:81 | Wrote result to CSV: packets_received=4
2026-02-13 09:04:46 | INFO     | netscope.core.executor:run_command:54 | Executing command: traceroute -n -m 15 google.com
2026-02-13 09:05:02 | INFO     | netscope.core.executor:run_command:75 | Command completed: traceroute -n -m 15 google.com (return code: 0, duration: 16.00s)
2026-02-13 09:05:02 | DEBUG    | netscope.storage.csv_handler:write_result:81 | Wrote result to CSV: hop_count=8
2026-02-13 09:05:02 | DEBUG    | netscope.storage.csv_handler:write_result:81 | Wrote result to CSV: destination_reached=True
2026-02-13 09:05:02 | INFO     | netscope.core.executor:run_command:54 | Executing command: dig +short google.com
2026-02-13 09:05:03 | INFO     | netscope.core.executor:run_command:75 | Command completed: dig +short google.com (return code: 0, duration: 0.26s)
2026-02-13 09:05:03 | DEBUG    | netscope.storage.csv_handler:write_result:81 | Wrote result to CSV: ip_address_1=216.58.223.78
2026-02-13 09:05:03 | DEBUG    | netscope.storage.csv_handler:write_result:81 | Wrote result to CSV: ip_count=1
2026-02-13 09:05:08 | INFO     | netscope.cli.main:_run_interactive:294 | NetScope exited normally
2026-02-13 09:07:30 | INFO     | netscope.storage.logger:setup_logging:52 | Logging initialized
2026-02-13 09:07:30 | DEBUG    | netscope.storage.logger:setup_logging:53 | Log files: /Users/HP/Documents/zubabroadband/netdiag-cli/output/netscope.log, /Users/HP/Documents/zubabroadband/netdiag-cli/output/netscope_errors.log
2026-02-13 09:08:08 | INFO     | netscope.cli.main:_run_interactive:162 | Created test run directory: /Users/HP/Documents/zubabroadband/netdiag-cli/output/2026-02-13_090808_ping_test
2026-02-13 09:08:08 | DEBUG    | netscope.storage.csv_handler:_create_csv:43 | Created CSV file: /Users/HP/Documents/zubabroadband/netdiag-cli/output/2026-02-13_090808_ping_test/results.csv
2026-02-13 09:08:08 | INFO     | netscope.core.executor:run_command:54 | Executing command: ping -c 4 google.com
2026-02-13 09:08:11 | INFO     | netscope.core.executor:run_command:75 | Command completed: ping -c 4 google.com (return code: 0, duration: 3.05s)
2026-02-13 09:08:11 | DEBUG    | netscope.storage.csv_handler:write_result:81 | Wrote result to CSV: packet_loss=0
2026-02-13 09:08:11 | DEBUG    | netscope.storage.csv_handler:write_result:81 | Wrote result to CSV: min_latency=29.877
2026-02-13 09:08:11 | DEBUG    | netscope.storage.csv_handler:write_result:81 | Wrote result to CSV: avg_latency=63.254
2026-02-13 09:08:11 | DEBUG    | netscope.storage.csv_handler:write_result:81 | Wrote result to CSV: max_latency=119.542
2026-02-13 09:08:11 | DEBUG    | netscope.storage.csv_handler:write_result:81 | Wrote result to CSV: mdev_latency=36.01
2026-02-13 09:08:11 | DEBUG    | netscope.storage.csv_handler:write_result:81 | Wrote result to CSV: packets_received=4
2026-02-13 09:08:53 | INFO     | netscope.cli.main:_run_interactive:294 | NetScope exited normally
2026-02-13 09:09:01 | INFO     | netscope.storage.logger:setup_logging:52 | Logging initialized
2026-02-13 09:09:01 | DEBUG    | netscope.storage.logger:setup_logging:53 | Log files: /Users/HP/Documents/zubabroadband/netdiag-cli/output/netscope.log, /Users/HP/Documents/zubabroadband/netdiag-cli/output/netscope_errors.log
2026-02-13 09:09:35 | INFO     | netscope.cli.main:_run_interactive:145 | NetScope exited normally
2026-02-13 11:50:33 | INFO     | netscope.storage.logger:setup_logging:52 | Logging initialized
2026-02-13 11:50:33 | DEBUG    | netscope.storage.logger:setup_logging:53 | Log files: /Users/HP/Documents/zubabroadband/netdiag-cli/output/netscope.log, /Users/HP/Documents/zubabroadband/netdiag-cli/output/netscope_errors.log
2026-02-13 11:50:33 | DEBUG    | netscope.storage.csv_handler:_create_csv:43 | Created CSV file: /Users/HP/Documents/zubabroadband/netdiag-cli/output/2026-02-13_115033_quick_network_check/results.csv
2026-02-13 11:50:33 | INFO     | netscope.core.executor:run_command:54 | Executing command: ping -c 4 8.8.8.8
2026-02-13 11:50:36 | INFO     | netscope.core.executor:run_command:75 | Command completed: ping -c 4 8.8.8.8 (return code: 0, duration: 3.04s)
2026-02-13 11:50:36 | DEBUG    | netscope.storage.csv_handler:write_result:81 | Wrote result to CSV: packet_loss=0
2026-02-13 11:50:36 | DEBUG    | netscope.storage.csv_handler:write_result:81 | Wrote result to CSV: min_latency=26.36
2026-02-13 11:50:36 | DEBUG    | netscope.storage.csv_handler:write_result:81 | Wrote result to CSV: avg_latency=30.818
2026-02-13 11:50:36 | DEBUG    | netscope.storage.csv_handler:write_result:81 | Wrote result to CSV: max_latency=33.372
2026-02-13 11:50:36 | DEBUG    | netscope.storage.csv_handler:write_result:81 | Wrote result to CSV: mdev_latency=2.713
2026-02-13 11:50:36 | DEBUG    | netscope.storage.csv_handler:write_result:81 | Wrote result to CSV: packets_received=4
2026-02-13 11:50:36 | INFO     | netscope.core.executor:run_command:54 | Executing command: traceroute -n -m 15 8.8.8.8
2026-02-13 11:50:52 | INFO     | netscope.core.executor:run_command:75 | Command completed: traceroute -n -m 15 8.8.8.8 (return code: 0, duration: 15.34s)
2026-02-13 11:50:52 | DEBUG    | netscope.storage.csv_handler:write_result:81 | Wrote result to CSV: hop_count=7
2026-02-13 11:50:52 | DEBUG    | netscope.storage.csv_handler:write_result:81 | Wrote result to CSV: destination_reached=True
2026-02-13 11:50:52 | INFO     | netscope.core.executor:run_command:54 | Executing command: dig +short 8.8.8.8
2026-02-13 11:50:52 | INFO     | netscope.core.executor:run_command:75 | Command completed: dig +short 8.8.8.8 (return code: 0, duration: 0.19s)
2026-02-13 11:50:52 | DEBUG    | netscope.storage.csv_handler:write_result:81 | Wrote result to CSV: ip_count=0
2026-02-13 11:56:29 | INFO     | netscope.storage.logger:setup_logging:52 | Logging initialized
2026-02-13 11:56:29 | DEBUG    | netscope.storage.logger:setup_logging:53 | Log files: /Users/HP/Documents/zubabroadband/netdiag-cli/output/netscope.log, /Users/HP/Documents/zubabroadband/netdiag-cli/output/netscope_errors.log
2026-02-13 11:56:29 | DEBUG    | netscope.storage.csv_handler:_create_csv:43 | Created CSV file: /Users/HP/Documents/zubabroadband/netdiag-cli/output/2026-02-13_115629_quick_network_check/results.csv
2026-02-13 11:56:29 | INFO     | netscope.core.executor:run_command:54 | Executing command: ping -c 4 8.8.8.8
2026-02-13 11:56:32 | INFO     | netscope.core.executor:run_command:75 | Command completed: ping -c 4 8.8.8.8 (return code: 0, duration: 3.09s)
2026-02-13 11:56:32 | DEBUG    | netscope.storage.csv_handler:write_result:81 | Wrote result to CSV: packet_loss=0
2026-02-13 11:56:32 | DEBUG    | netscope.storage.csv_handler:write_result:81 | Wrote result to CSV: min_latency=25.64
2026-02-13 11:56:32 | DEBUG    | netscope.storage.csv_handler:write_result:81 | Wrote result to CSV: avg_latency=50.951
2026-02-13 11:56:32 | DEBUG    | netscope.storage.csv_handler:write_result:81 | Wrote result to CSV: max_latency=73.214
2026-02-13 11:56:32 | DEBUG    | netscope.storage.csv_handler:write_result:81 | Wrote result to CSV: mdev_latency=21.455
2026-02-13 11:56:32 | DEBUG    | netscope.storage.csv_handler:write_result:81 | Wrote result to CSV: packets_received=4
2026-02-13 11:56:32 | INFO     | netscope.core.executor:run_command:54 | Executing command: traceroute -n -m 15 8.8.8.8
2026-02-13 11:56:47 | INFO     | netscope.core.executor:run_command:75 | Command completed: traceroute -n -m 15 8.8.8.8 (return code: 0, duration: 15.75s)
2026-02-13 11:56:47 | DEBUG    | netscope.storage.csv_handler:write_result:81 | Wrote result to CSV: hop_count=7
2026-02-13 11:56:47 | DEBUG    | netscope.storage.csv_handler:write_result:81 | Wrote result to CSV: destination_reached=True
2026-02-13 11:56:47 | INFO     | netscope.core.executor:run_command:54 | Executing command: dig +short 8.8.8.8
2026-02-13 11:56:48 | INFO     | netscope.core.executor:run_command:75 | Command completed: dig +short 8.8.8.8 (return code: 0, duration: 0.10s)
2026-02-13 11:56:48 | DEBUG    | netscope.storage.csv_handler:write_result:81 | Wrote result to CSV: ip_count=0
2026-02-13 12:18:32 | INFO     | netscope.storage.logger:setup_logging:52 | Logging initialized
2026-02-13 12:18:32 | DEBUG    | netscope.storage.logger:setup_logging:53 | Log files: /Users/HP/Documents/zubabroadband/netdiag-cli/output/netscope.log, /Users/HP/Documents/zubabroadband/netdiag-cli/output/netscope_errors.log
2026-02-13 12:18:32 | DEBUG    | netscope.storage.csv_handler:_create_csv:43 | Created CSV file: /Users/HP/Documents/zubabroadband/netdiag-cli/output/2026-02-13_121832_quick_network_check/results.csv
2026-02-13 12:18:32 | INFO     | netscope.core.executor:run_command:54 | Executing command: ping -c 4 8.8.8.8
2026-02-13 12:18:35 | INFO     | netscope.core.executor:run_command:75 | Command completed: ping -c 4 8.8.8.8 (return code: 0, duration: 3.07s)
2026-02-13 12:18:35 | DEBUG    | netscope.storage.csv_handler:write_result:81 | Wrote result to CSV: packet_loss=0
2026-02-13 12:18:35 | DEBUG    | netscope.storage.csv_handler:write_result:81 | Wrote result to CSV: min_latency=30.53
2026-02-13 12:18:35 | DEBUG    | netscope.storage.csv_handler:write_result:81 | Wrote result to CSV: avg_latency=40.983
2026-02-13 12:18:35 | DEBUG    | netscope.storage.csv_handler:write_result:81 | Wrote result to CSV: max_latency=51.471
2026-02-13 12:18:35 | DEBUG    | netscope.storage.csv_handler:write_result:81 | Wrote result to CSV: mdev_latency=10.055
2026-02-13 12:18:35 | DEBUG    | netscope.storage.csv_handler:write_result:81 | Wrote result to CSV: packets_received=4
2026-02-13 12:18:35 | INFO     | netscope.core.executor:run_command:54 | Executing command: traceroute -n -m 15 8.8.8.8
2026-02-13 12:18:51 | INFO     | netscope.core.executor:run_command:75 | Command completed: traceroute -n -m 15 8.8.8.8 (return code: 0, duration: 15.67s)
2026-02-13 12:18:51 | DEBUG    | netscope.storage.csv_handler:write_result:81 | Wrote result to CSV: hop_count=7
2026-02-13 12:18:51 | DEBUG    | netscope.storage.csv_handler:write_result:81 | Wrote result to CSV: destination_reached=True
2026-02-13 12:18:51 | INFO     | netscope.core.executor:run_command:54 | Executing command: dig +short 8.8.8.8
2026-02-13 12:18:51 | INFO     | netscope.core.executor:run_command:75 | Command completed: dig +short 8.8.8.8 (return code: 0, duration: 0.11s)
2026-02-13 12:18:51 | DEBUG    | netscope.storage.csv_handler:write_result:81 | Wrote result to CSV: ip_count=0
2026-02-13 12:39:43 | INFO     | netscope.storage.logger:setup_logging:52 | Logging initialized
2026-02-13 12:39:43 | DEBUG    | netscope.storage.logger:setup_logging:53 | Log files: /Users/HP/Documents/zubabroadband/netdiag-cli/output/netscope.log, /Users/HP/Documents/zubabroadband/netdiag-cli/output/netscope_errors.log
2026-02-13 12:40:44 | INFO     | netscope.cli.main:_run_interactive:171 | Created test run directory: /Users/HP/Documents/zubabroadband/netdiag-cli/output/2026-02-13_124044_traceroute_test
2026-02-13 12:40:44 | DEBUG    | netscope.storage.csv_handler:_create_csv:43 | Created CSV file: /Users/HP/Documents/zubabroadband/netdiag-cli/output/2026-02-13_124044_traceroute_test/results.csv
2026-02-13 12:40:44 | INFO     | netscope.core.executor:run_command:54 | Executing command: traceroute -n -m 15 google.com
2026-02-13 12:40:59 | INFO     | netscope.core.executor:run_command:75 | Command completed: traceroute -n -m 15 google.com (return code: 0, duration: 15.57s)
2026-02-13 12:40:59 | DEBUG    | netscope.storage.csv_handler:write_result:81 | Wrote result to CSV: hop_count=8
2026-02-13 12:40:59 | DEBUG    | netscope.storage.csv_handler:write_result:81 | Wrote result to CSV: destination_reached=True
2026-02-13 12:41:48 | INFO     | netscope.cli.main:_run_interactive:355 | NetScope exited normally
2026-02-13 14:01:01 | INFO     | netscope.storage.logger:setup_logging:52 | Logging initialized
2026-02-13 14:01:01 | DEBUG    | netscope.storage.logger:setup_logging:53 | Log files: /Users/HP/Documents/zubabroadband/netdiag-cli/output/netscope.log, /Users/HP/Documents/zubabroadband/netdiag-cli/output/netscope_errors.log
2026-02-13 14:01:27 | INFO     | netscope.cli.main:_run_interactive:171 | Created test run directory: /Users/HP/Documents/zubabroadband/netdiag-cli/output/2026-02-13_140127_arp_scan
2026-02-13 14:01:27 | DEBUG    | netscope.storage.csv_handler:_create_csv:43 | Created CSV file: /Users/HP/Documents/zubabroadband/netdiag-cli/output/2026-02-13_140127_arp_scan/results.csv
2026-02-13 14:01:27 | INFO     | netscope.core.executor:run_command:54 | Executing command: arp -a
2026-02-13 14:01:34 | INFO     | netscope.core.executor:run_command:75 | Command completed: arp -a (return code: 0, duration: 7.32s)
2026-02-13 14:01:34 | DEBUG    | netscope.storage.csv_handler:write_result:81 | Wrote result to CSV: device_info=D4:13:F8:1B:5F:C0
2026-02-13 14:01:34 | DEBUG    | netscope.storage.csv_handler:write_result:81 | Wrote result to CSV: device_info=86:44:F0:14:14:9E
2026-02-13 14:01:34 | DEBUG    | netscope.storage.csv_handler:write_result:81 | Wrote result to CSV: device_info=38:F9:D3:66:EE:76
2026-02-13 14:01:34 | DEBUG    | netscope.storage.csv_handler:write_result:81 | Wrote result to CSV: device_info=3A:67:CC:58:55:40
2026-02-13 14:01:34 | DEBUG    | netscope.storage.csv_handler:write_result:81 | Wrote result to CSV: device_info=FF:FF:FF:FF:FF:FF
2026-02-13 14:11:46 | INFO     | netscope.cli.main:_run_interactive:355 | NetScope exited normally
2026-02-13 14:13:03 | INFO     | netscope.storage.logger:setup_logging:52 | Logging initialized
2026-02-13 14:13:03 | DEBUG    | netscope.storage.logger:setup_logging:53 | Log files: /Users/HP/Documents/zubabroadband/netdiag-cli/output/netscope.log, /Users/HP/Documents/zubabroadband/netdiag-cli/output/netscope_errors.log
2026-02-13 14:14:17 | INFO     | netscope.cli.main:_run_interactive:148 | NetScope exited normally
2026-02-13 14:15:32 | INFO     | netscope.storage.logger:setup_logging:52 | Logging initialized
2026-02-13 14:15:32 | DEBUG    | netscope.storage.logger:setup_logging:53 | Log files: /Users/HP/Documents/zubabroadband/netdiag-cli/output/netscope.log, /Users/HP/Documents/zubabroadband/netdiag-cli/output/netscope_errors.log
2026-02-13 14:15:51 | INFO     | netscope.cli.main:_run_interactive:195 | Created test run directory: /Users/HP/Documents/zubabroadband/netdiag-cli/output/2026-02-13_141551_traceroute_test
2026-02-13 14:15:51 | DEBUG    | netscope.storage.csv_handler:_create_csv:43 | Created CSV file: /Users/HP/Documents/zubabroadband/netdiag-cli/output/2026-02-13_141551_traceroute_test/results.csv
2026-02-13 14:15:51 | INFO     | netscope.core.executor:run_command:54 | Executing command: traceroute -n -m 15 8.8.8.8
2026-02-13 14:16:06 | INFO     | netscope.core.executor:run_command:75 | Command completed: traceroute -n -m 15 8.8.8.8 (return code: 0, duration: 15.82s)
2026-02-13 14:16:06 | DEBUG    | netscope.storage.csv_handler:write_result:81 | Wrote result to CSV: hop_count=7
2026-02-13 14:16:06 | DEBUG    | netscope.storage.csv_handler:write_result:81 | Wrote result to CSV: destination_reached=True
2026-02-13 14:16:24 | INFO     | netscope.cli.main:_run_interactive:377 | NetScope exited normally
2026-02-13 15:11:22 | INFO     | netscope.storage.logger:setup_logging:52 | Logging initialized
2026-02-13 15:11:22 | DEBUG    | netscope.storage.logger:setup_logging:53 | Log files: /Users/HP/Documents/zubabroadband/netdiag-cli/output/netscope.log, /Users/HP/Documents/zubabroadband/netdiag-cli/output/netscope_errors.log
2026-02-13 15:12:01 | INFO     | netscope.cli.main:_run_interactive:149 | NetScope exited normally
2026-02-13 15:14:35 | INFO     | netscope.storage.logger:setup_logging:52 | Logging initialized
2026-02-13 15:14:35 | DEBUG    | netscope.storage.logger:setup_logging:53 | Log files: /Users/HP/Documents/zubabroadband/netdiag-cli/output/netscope.log, /Users/HP/Documents/zubabroadband/netdiag-cli/output/netscope_errors.log
2026-02-13 15:14:59 | INFO     | netscope.cli.main:_run_interactive:149 | NetScope exited normally
2026-02-13 16:37:12 | INFO     | netscope.storage.logger:setup_logging:52 | Logging initialized
2026-02-13 16:37:12 | DEBUG    | netscope.storage.logger:setup_logging:53 | Log files: /Users/HP/Documents/zubabroadband/netdiag-cli/output/netscope.log, /Users/HP/Documents/zubabroadband/netdiag-cli/output/netscope_errors.log
2026-02-13 16:37:43 | INFO     | netscope.cli.main:_run_interactive:196 | Created test run directory: /Users/HP/Documents/zubabroadband/netdiag-cli/output/2026-02-13_163743_ping_test
2026-02-13 16:37:43 | DEBUG    | netscope.storage.csv_handler:_create_csv:43 | Created CSV file: /Users/HP/Documents/zubabroadband/netdiag-cli/output/2026-02-13_163743_ping_test/results.csv
2026-02-13 16:37:43 | INFO     | netscope.core.executor:run_command:54 | Executing command: ping -c 4 4.149.145.181
2026-02-13 16:37:57 | INFO     | netscope.core.executor:run_command:75 | Command completed: ping -c 4 4.149.145.181 (return code: 2, duration: 14.02s)
2026-02-13 16:38:09 | INFO     | netscope.cli.main:_run_interactive:378 | NetScope exited normally
2026-02-13 16:38:52 | INFO     | netscope.storage.logger:setup_logging:52 | Logging initialized
2026-02-13 16:38:52 | DEBUG    | netscope.storage.logger:setup_logging:53 | Log files: /Users/HP/Documents/zubabroadband/netdiag-cli/output/netscope.log, /Users/HP/Documents/zubabroadband/netdiag-cli/output/netscope_errors.log
2026-02-13 16:39:03 | INFO     | netscope.cli.main:_run_interactive:196 | Created test run directory: /Users/HP/Documents/zubabroadband/netdiag-cli/output/2026-02-13_163903_traceroute_test
2026-02-13 16:39:03 | DEBUG    | netscope.storage.csv_handler:_create_csv:43 | Created CSV file: /Users/HP/Documents/zubabroadband/netdiag-cli/output/2026-02-13_163903_traceroute_test/results.csv
2026-02-13 16:39:03 | INFO     | netscope.core.executor:run_command:54 | Executing command: traceroute -n -m 15 4.149.145.181
2026-02-13 16:39:25 | INFO     | netscope.core.executor:run_command:75 | Command completed: traceroute -n -m 15 4.149.145.181 (return code: 0, duration: 21.96s)
2026-02-13 16:39:25 | DEBUG    | netscope.storage.csv_handler:write_result:81 | Wrote result to CSV: hop_count=14
2026-02-13 16:39:25 | DEBUG    | netscope.storage.csv_handler:write_result:81 | Wrote result to CSV: destination_reached=True
2026-02-13 16:39:49 | INFO     | netscope.cli.main:_run_interactive:378 | NetScope exited normally
2026-02-13 16:48:12 | INFO     | netscope.storage.logger:setup_logging:52 | Logging initialized
2026-02-13 16:48:12 | DEBUG    | netscope.storage.logger:setup_logging:53 | Log files: /Users/HP/Documents/zubabroadband/netdiag-cli/output/netscope.log, /Users/HP/Documents/zubabroadband/netdiag-cli/output/netscope_errors.log
2026-02-13 16:48:31 | INFO     | netscope.cli.main:_run_interactive:196 | Created test run directory: /Users/HP/Documents/zubabroadband/netdiag-cli/output/2026-02-13_164831_dns_lookup
2026-02-13 16:48:31 | DEBUG    | netscope.storage.csv_handler:_create_csv:43 | Created CSV file: /Users/HP/Documents/zubabroadband/netdiag-cli/output/2026-02-13_164831_dns_lookup/results.csv
2026-02-13 16:48:31 | INFO     | netscope.core.executor:run_command:54 | Executing command: dig +short 4.149.145.181
2026-02-13 16:48:31 | INFO     | netscope.core.executor:run_command:75 | Command completed: dig +short 4.149.145.181 (return code: 0, duration: 0.13s)
2026-02-13 16:48:31 | DEBUG    | netscope.storage.csv_handler:write_result:81 | Wrote result to CSV: ip_count=0
2026-02-13 16:48:42 | INFO     | netscope.cli.main:_run_interactive:378 | NetScope exited normally
2026-02-13 16:49:32 | INFO     | netscope.storage.logger:setup_logging:52 | Logging initialized
2026-02-13 16:49:32 | DEBUG    | netscope.storage.logger:setup_logging:53 | Log files: /Users/HP/Documents/zubabroadband/netdiag-cli/output/netscope.log, /Users/HP/Documents/zubabroadband/netdiag-cli/output/netscope_errors.log
2026-02-13 16:49:43 | INFO     | netscope.cli.main:_run_interactive:196 | Created test run directory: /Users/HP/Documents/zubabroadband/netdiag-cli/output/2026-02-13_164943_arp_scan
2026-02-13 16:49:43 | DEBUG    | netscope.storage.csv_handler:_create_csv:43 | Created CSV file: /Users/HP/Documents/zubabroadband/netdiag-cli/output/2026-02-13_164943_arp_scan/results.csv
2026-02-13 16:49:43 | INFO     | netscope.core.executor:run_command:54 | Executing command: arp -a
2026-02-13 16:49:43 | INFO     | netscope.core.executor:run_command:75 | Command completed: arp -a (return code: 0, duration: 0.44s)
2026-02-13 16:49:43 | DEBUG    | netscope.storage.csv_handler:write_result:81 | Wrote result to CSV: device_info=D4:13:F8:1B:5F:C0
2026-02-13 16:49:43 | DEBUG    | netscope.storage.csv_handler:write_result:81 | Wrote result to CSV: device_info=20:47:47:7F:9A:F2
2026-02-13 16:49:43 | DEBUG    | netscope.storage.csv_handler:write_result:81 | Wrote result to CSV: device_info=BC:24:11:E7:FE:40
2026-02-13 16:49:43 | DEBUG    | netscope.storage.csv_handler:write_result:81 | Wrote result to CSV: device_info=BC:24:11:34:AF:76
2026-02-13 16:49:43 | DEBUG    | netscope.storage.csv_handler:write_result:81 | Wrote result to CSV: device_info=FA:C4:86:AD:1E:C5
2026-02-13 16:49:43 | DEBUG    | netscope.storage.csv_handler:write_result:81 | Wrote result to CSV: device_info=3A:67:CC:58:55:40
2026-02-13 16:49:43 | DEBUG    | netscope.storage.csv_handler:write_result:81 | Wrote result to CSV: device_info=9A:E4:8E:EA:5E:38
2026-02-13 16:49:43 | DEBUG    | netscope.storage.csv_handler:write_result:81 | Wrote result to CSV: device_info=FF:FF:FF:FF:FF:FF
2026-02-13 16:49:53 | INFO     | netscope.cli.main:_run_interactive:378 | NetScope exited normally
2026-02-13 17:42:34 | INFO     | netscope.storage.logger:setup_logging:52 | Logging initialized
2026-02-13 17:42:34 | DEBUG    | netscope.storage.logger:setup_logging:53 | Log files: /Users/HP/Documents/zubabroadband/netdiag-cli/output/netscope.log, /Users/HP/Documents/zubabroadband/netdiag-cli/output/netscope_errors.log
2026-02-13 17:42:53 | INFO     | netscope.cli.main:_run_interactive:149 | NetScope exited normally
2026-02-13 22:37:19 | INFO     | netscope.storage.logger:setup_logging:52 | Logging initialized
2026-02-13 22:37:19 | DEBUG    | netscope.storage.logger:setup_logging:53 | Log files: /Users/HP/Documents/zubabroadband/netdiag-cli/output/netscope.log, /Users/HP/Documents/zubabroadband/netdiag-cli/output/netscope_errors.log
2026-02-13 22:39:10 | INFO     | netscope.cli.main:_run_interactive:149 | NetScope exited normally
2026-02-13 22:39:14 | INFO     | netscope.storage.logger:setup_logging:52 | Logging initialized
2026-02-13 22:39:14 | DEBUG    | netscope.storage.logger:setup_logging:53 | Log files: /Users/HP/Documents/zubabroadband/netdiag-cli/output/netscope.log, /Users/HP/Documents/zubabroadband/netdiag-cli/output/netscope_errors.log
2026-02-13 22:39:21 | INFO     | netscope.cli.main:_run_interactive:196 | Created test run directory: /Users/HP/Documents/zubabroadband/netdiag-cli/output/2026-02-13_223921_ping_test
2026-02-13 22:39:21 | DEBUG    | netscope.storage.csv_handler:_create_csv:43 | Created CSV file: /Users/HP/Documents/zubabroadband/netdiag-cli/output/2026-02-13_223921_ping_test/results.csv
2026-02-13 22:39:21 | INFO     | netscope.core.executor:run_command:54 | Executing command: ping -c 4 8.8.8.8
2026-02-13 22:39:25 | INFO     | netscope.core.executor:run_command:75 | Command completed: ping -c 4 8.8.8.8 (return code: 0, duration: 3.32s)
2026-02-13 22:39:25 | DEBUG    | netscope.storage.csv_handler:write_result:81 | Wrote result to CSV: packet_loss=0
2026-02-13 22:39:25 | DEBUG    | netscope.storage.csv_handler:write_result:81 | Wrote result to CSV: min_latency=73.788
2026-02-13 22:39:25 | DEBUG    | netscope.storage.csv_handler:write_result:81 | Wrote result to CSV: avg_latency=201.479
2026-02-13 22:39:25 | DEBUG    | netscope.storage.csv_handler:write_result:81 | Wrote result to CSV: max_latency=304.003
2026-02-13 22:39:25 | DEBUG    | netscope.storage.csv_handler:write_result:81 | Wrote result to CSV: mdev_latency=103.227
2026-02-13 22:39:25 | DEBUG    | netscope.storage.csv_handler:write_result:81 | Wrote result to CSV: packets_received=4
2026-02-13 22:39:27 | INFO     | netscope.cli.main:_run_interactive:378 | NetScope exited normally
2026-02-13 22:41:08 | INFO     | netscope.storage.logger:setup_logging:52 | Logging initialized
2026-02-13 22:41:08 | DEBUG    | netscope.storage.logger:setup_logging:53 | Log files: /Users/HP/Documents/zubabroadband/netdiag-cli/output/netscope.log, /Users/HP/Documents/zubabroadband/netdiag-cli/output/netscope_errors.log
2026-02-13 22:41:14 | INFO     | netscope.cli.main:_run_interactive:196 | Created test run directory: /Users/HP/Documents/zubabroadband/netdiag-cli/output/2026-02-13_224114_ping_test
2026-02-13 22:41:14 | DEBUG    | netscope.storage.csv_handler:_create_csv:43 | Created CSV file: /Users/HP/Documents/zubabroadband/netdiag-cli/output/2026-02-13_224114_ping_test/results.csv
2026-02-13 22:41:14 | INFO     | netscope.core.executor:run_command:54 | Executing command: ping -c 4 1.1.1.1
2026-02-13 22:41:17 | INFO     | netscope.core.executor:run_command:75 | Command completed: ping -c 4 1.1.1.1 (return code: 0, duration: 3.10s)
2026-02-13 22:41:17 | DEBUG    | netscope.storage.csv_handler:write_result:81 | Wrote result to CSV: packet_loss=0
2026-02-13 22:41:17 | DEBUG    | netscope.storage.csv_handler:write_result:81 | Wrote result to CSV: min_latency=78.191
2026-02-13 22:41:17 | DEBUG    | netscope.storage.csv_handler:write_result:81 | Wrote result to CSV: avg_latency=207.224
2026-02-13 22:41:17 | DEBUG    | netscope.storage.csv_handler:write_result:81 | Wrote result to CSV: max_latency=293.073
2026-02-13 22:41:17 | DEBUG    | netscope.storage.csv_handler:write_result:81 | Wrote result to CSV: mdev_latency=80.03
2026-02-13 22:41:17 | DEBUG    | netscope.storage.csv_handler:write_result:81 | Wrote result to CSV: packets_received=4
2026-02-13 22:41:23 | INFO     | netscope.cli.main:_run_interactive:149 | NetScope exited normally
2026-02-13 22:50:29 | INFO     | netscope.storage.logger:setup_logging:52 | Logging initialized
2026-02-13 22:50:29 | DEBUG    | netscope.storage.logger:setup_logging:53 | Log files: /Users/HP/Documents/zubabroadband/netdiag-cli/output/netscope.log, /Users/HP/Documents/zubabroadband/netdiag-cli/output/netscope_errors.log
2026-02-13 22:53:03 | INFO     | netscope.cli.main:_run_interactive:196 | Created test run directory: /Users/HP/Documents/zubabroadband/netdiag-cli/output/2026-02-13_225303_quick_network_check
2026-02-13 22:53:03 | DEBUG    | netscope.storage.csv_handler:_create_csv:43 | Created CSV file: /Users/HP/Documents/zubabroadband/netdiag-cli/output/2026-02-13_225303_quick_network_check/results.csv
2026-02-13 22:53:03 | INFO     | netscope.core.executor:run_command:54 | Executing command: ping -c 4 192.168.1.254
2026-02-13 22:53:06 | INFO     | netscope.core.executor:run_command:75 | Command completed: ping -c 4 192.168.1.254 (return code: 0, duration: 3.02s)
2026-02-13 22:53:06 | DEBUG    | netscope.storage.csv_handler:write_result:81 | Wrote result to CSV: packet_loss=0
2026-02-13 22:53:06 | DEBUG    | netscope.storage.csv_handler:write_result:81 | Wrote result to CSV: min_latency=2.657
2026-02-13 22:53:06 | DEBUG    | netscope.storage.csv_handler:write_result:81 | Wrote result to CSV: avg_latency=2.715
2026-02-13 22:53:06 | DEBUG    | netscope.storage.csv_handler:write_result:81 | Wrote result to CSV: max_latency=2.851
2026-02-13 22:53:06 | DEBUG    | netscope.storage.csv_handler:write_result:81 | Wrote result to CSV: mdev_latency=0.08
2026-02-13 22:53:06 | DEBUG    | netscope.storage.csv_handler:write_result:81 | Wrote result to CSV: packets_received=4
2026-02-13 22:53:06 | INFO     | netscope.core.executor:run_command:54 | Executing command: traceroute -n -m 15 192.168.1.254
2026-02-13 22:53:06 | INFO     | netscope.core.executor:run_command:75 | Command completed: traceroute -n -m 15 192.168.1.254 (return code: 0, duration: 0.02s)
2026-02-13 22:53:06 | DEBUG    | netscope.storage.csv_handler:write_result:81 | Wrote result to CSV: hop_count=1
2026-02-13 22:53:06 | DEBUG    | netscope.storage.csv_handler:write_result:81 | Wrote result to CSV: destination_reached=True
2026-02-13 22:53:06 | INFO     | netscope.core.executor:run_command:54 | Executing command: dig +short 192.168.1.254
2026-02-13 22:53:06 | INFO     | netscope.core.executor:run_command:75 | Command completed: dig +short 192.168.1.254 (return code: 0, duration: 0.11s)
2026-02-13 22:53:06 | DEBUG    | netscope.storage.csv_handler:write_result:81 | Wrote result to CSV: ip_count=0
2026-02-13 22:57:53 | INFO     | netscope.cli.main:_run_interactive:378 | NetScope exited normally
2026-02-13 23:06:02 | INFO     | netscope.storage.logger:setup_logging:52 | Logging initialized
2026-02-13 23:06:02 | DEBUG    | netscope.storage.logger:setup_logging:53 | Log files: /Users/HP/Documents/zubabroadband/netdiag-cli/output/netscope.log, /Users/HP/Documents/zubabroadband/netdiag-cli/output/netscope_errors.log
2026-02-13 23:06:08 | INFO     | netscope.cli.main:_run_interactive:196 | Created test run directory: /Users/HP/Documents/zubabroadband/netdiag-cli/output/2026-02-13_230608_arp_scan
2026-02-13 23:06:08 | DEBUG    | netscope.storage.csv_handler:_create_csv:43 | Created CSV file: /Users/HP/Documents/zubabroadband/netdiag-cli/output/2026-02-13_230608_arp_scan/results.csv
2026-02-13 23:06:08 | INFO     | netscope.core.executor:run_command:54 | Executing command: arp -a
2026-02-13 23:06:08 | INFO     | netscope.core.executor:run_command:75 | Command completed: arp -a (return code: 0, duration: 0.65s)
2026-02-13 23:06:08 | DEBUG    | netscope.storage.csv_handler:write_result:81 | Wrote result to CSV: device_info=A0:29:42:6F:85:E7
2026-02-13 23:06:08 | DEBUG    | netscope.storage.csv_handler:write_result:81 | Wrote result to CSV: device_info=4E:9D:2C:59:35:AB
2026-02-13 23:06:08 | DEBUG    | netscope.storage.csv_handler:write_result:81 | Wrote result to CSV: device_info=46:BC:8A:4A:C4:A0
2026-02-13 23:06:08 | DEBUG    | netscope.storage.csv_handler:write_result:81 | Wrote result to CSV: device_info=DC:51:93:89:6B:C6
2026-02-13 23:06:08 | DEBUG    | netscope.storage.csv_handler:write_result:81 | Wrote result to CSV: device_info=FF:FF:FF:FF:FF:FF
2026-02-13 23:06:14 | INFO     | netscope.cli.main:_run_interactive:378 | NetScope exited normally
2026-02-13 23:17:33 | INFO     | netscope.storage.logger:setup_logging:52 | Logging initialized
2026-02-13 23:17:33 | DEBUG    | netscope.storage.logger:setup_logging:53 | Log files: /Users/HP/Documents/zubabroadband/netdiag-cli/output/netscope.log, /Users/HP/Documents/zubabroadband/netdiag-cli/output/netscope_errors.log
2026-02-13 23:18:22 | INFO     | netscope.cli.main:_run_interactive:197 | Created test run directory: /Users/HP/Documents/zubabroadband/netdiag-cli/output/2026-02-13_231822_ping_sweep
2026-02-13 23:18:22 | DEBUG    | netscope.storage.csv_handler:_create_csv:43 | Created CSV file: /Users/HP/Documents/zubabroadband/netdiag-cli/output/2026-02-13_231822_ping_sweep/results.csv
2026-02-13 23:18:50 | INFO     | netscope.cli.main:_run_interactive:197 | Created test run directory: /Users/HP/Documents/zubabroadband/netdiag-cli/output/2026-02-13_231850_arp_scan
2026-02-13 23:18:50 | DEBUG    | netscope.storage.csv_handler:_create_csv:43 | Created CSV file: /Users/HP/Documents/zubabroadband/netdiag-cli/output/2026-02-13_231850_arp_scan/results.csv
2026-02-13 23:18:50 | INFO     | netscope.core.executor:run_command:54 | Executing command: arp -a
2026-02-13 23:18:50 | INFO     | netscope.core.executor:run_command:75 | Command completed: arp -a (return code: 0, duration: 0.02s)
2026-02-13 23:18:50 | DEBUG    | netscope.storage.csv_handler:write_result:81 | Wrote result to CSV: device_info=A0:29:42:6F:85:E7
2026-02-13 23:18:50 | DEBUG    | netscope.storage.csv_handler:write_result:81 | Wrote result to CSV: device_info=4E:9D:2C:59:35:AB
2026-02-13 23:18:50 | DEBUG    | netscope.storage.csv_handler:write_result:81 | Wrote result to CSV: device_info=46:BC:8A:4A:C4:A0
2026-02-13 23:18:50 | DEBUG    | netscope.storage.csv_handler:write_result:81 | Wrote result to CSV: device_info=DC:51:93:89:6B:C6
2026-02-13 23:18:50 | DEBUG    | netscope.storage.csv_handler:write_result:81 | Wrote result to CSV: device_info=FF:FF:FF:FF:FF:FF
2026-02-13 23:19:12 | INFO     | netscope.cli.main:_run_interactive:379 | NetScope exited normally
2026-02-13 23:20:12 | INFO     | netscope.storage.logger:setup_logging:52 | Logging initialized
2026-02-13 23:20:12 | DEBUG    | netscope.storage.logger:setup_logging:53 | Log files: /Users/HP/Documents/zubabroadband/netdiag-cli/output/netscope.log, /Users/HP/Documents/zubabroadband/netdiag-cli/output/netscope_errors.log
2026-02-13 23:20:12 | DEBUG    | netscope.storage.csv_handler:_create_csv:43 | Created CSV file: /Users/HP/Documents/zubabroadband/netdiag-cli/output/2026-02-13_232012_arp_scan/results.csv
2026-02-13 23:20:12 | INFO     | netscope.core.executor:run_command:54 | Executing command: arp -a
2026-02-13 23:20:12 | INFO     | netscope.core.executor:run_command:75 | Command completed: arp -a (return code: 0, duration: 0.48s)
2026-02-13 23:20:13 | DEBUG    | netscope.storage.csv_handler:write_result:81 | Wrote result to CSV: device_info=A0:29:42:6F:85:E7
2026-02-13 23:20:13 | DEBUG    | netscope.storage.csv_handler:write_result:81 | Wrote result to CSV: device_info=4E:9D:2C:59:35:AB
2026-02-13 23:20:13 | DEBUG    | netscope.storage.csv_handler:write_result:81 | Wrote result to CSV: device_info=46:BC:8A:4A:C4:A0
2026-02-13 23:20:13 | DEBUG    | netscope.storage.csv_handler:write_result:81 | Wrote result to CSV: device_info=DC:51:93:89:6B:C6
2026-02-13 23:20:13 | DEBUG    | netscope.storage.csv_handler:write_result:81 | Wrote result to CSV: device_info=FF:FF:FF:FF:FF:FF
